<?xml version="1.0" encoding="UTF-8"?>
<!-- Generated by org.testng.reporters.JUnitXMLReporter -->
<testsuite hostname="user-PC" ignored="1" name="Default test" tests="1" failures="0" timestamp="02 Jan 2017 18:58:05 GMT" time="12.075" errors="0">
  <testcase name="TC002_Forgot_Password_with_invalid_email" time="7.524" classname="tests.Password_001"/>
  <testcase name="TC001_Forgot_Password_with_valid_email" time="0.0" classname="tests.Password_001">
    <ignored/>
  </testcase> <!-- TC001_Forgot_Password_with_valid_email -->
</testsuite> <!-- Default test -->
