<?xml version="1.0" encoding="UTF-8"?>
<testng-results skipped="0" failed="0" ignored="1" total="2" passed="1">
  <reporter-output>
  </reporter-output>
  <suite name="Default suite" duration-ms="12075" started-at="2017-01-02T18:57:53Z" finished-at="2017-01-02T18:58:05Z">
    <groups>
      <group name="High">
        <method signature="Password_001.TC002_Forgot_Password_with_invalid_email()[pri:0, instance:tests.Password_001@28d25987]" name="TC002_Forgot_Password_with_invalid_email" class="tests.Password_001"/>
      </group> <!-- High -->
      <group name="Account">
        <method signature="Password_001.TC002_Forgot_Password_with_invalid_email()[pri:0, instance:tests.Password_001@28d25987]" name="TC002_Forgot_Password_with_invalid_email" class="tests.Password_001"/>
      </group> <!-- Account -->
      <group name="Regression">
        <method signature="Password_001.TC002_Forgot_Password_with_invalid_email()[pri:0, instance:tests.Password_001@28d25987]" name="TC002_Forgot_Password_with_invalid_email" class="tests.Password_001"/>
      </group> <!-- Regression -->
      <group name="Thu Vu">
        <method signature="Password_001.TC002_Forgot_Password_with_invalid_email()[pri:0, instance:tests.Password_001@28d25987]" name="TC002_Forgot_Password_with_invalid_email" class="tests.Password_001"/>
      </group> <!-- Thu Vu -->
    </groups>
    <test name="Default test" duration-ms="12075" started-at="2017-01-02T18:57:53Z" finished-at="2017-01-02T18:58:05Z">
      <class name="tests.Password_001">
        <test-method status="PASS" signature="beforeTest()[pri:0, instance:tests.Password_001@28d25987]" name="beforeTest" is-config="true" duration-ms="15" started-at="2017-01-03T01:57:53Z" finished-at="2017-01-03T01:57:53Z">
          <reporter-output>
          </reporter-output>
        </test-method> <!-- beforeTest -->
        <test-method status="PASS" signature="beforeMethod()[pri:0, instance:tests.Password_001@28d25987]" name="beforeMethod" is-config="true" duration-ms="3244" started-at="2017-01-03T01:57:53Z" finished-at="2017-01-03T01:57:56Z">
          <reporter-output>
          </reporter-output>
        </test-method> <!-- beforeMethod -->
        <test-method status="PASS" signature="TC002_Forgot_Password_with_invalid_email()[pri:0, instance:tests.Password_001@28d25987]" name="TC002_Forgot_Password_with_invalid_email" duration-ms="7524" started-at="2017-01-03T01:57:56Z" finished-at="2017-01-03T01:58:04Z">
          <reporter-output>
          </reporter-output>
        </test-method> <!-- TC002_Forgot_Password_with_invalid_email -->
        <test-method status="PASS" signature="afterMethod()[pri:0, instance:tests.Password_001@28d25987]" name="afterMethod" is-config="true" duration-ms="1293" started-at="2017-01-03T01:58:04Z" finished-at="2017-01-03T01:58:05Z">
          <reporter-output>
          </reporter-output>
        </test-method> <!-- afterMethod -->
        <test-method status="PASS" signature="afterTest()[pri:0, instance:tests.Password_001@28d25987]" name="afterTest" is-config="true" duration-ms="0" started-at="2017-01-03T01:58:05Z" finished-at="2017-01-03T01:58:05Z">
          <reporter-output>
          </reporter-output>
        </test-method> <!-- afterTest -->
      </class> <!-- tests.Password_001 -->
    </test> <!-- Default test -->
  </suite> <!-- Default suite -->
</testng-results>
